<?xml version="1.0" encoding="UTF-8"?>
<testng-results skipped="0" failed="0" total="1" passed="1">
  <reporter-output>
  </reporter-output>
  <suite name="Default suite" duration-ms="39618" started-at="2023-07-08T11:59:01Z" finished-at="2023-07-08T11:59:41Z">
    <groups>
    </groups>
    <test name="Default test" duration-ms="39618" started-at="2023-07-08T11:59:01Z" finished-at="2023-07-08T11:59:41Z">
      <class name="com.demoworkshop.testscripts.Computer">
        <test-method status="PASS" signature="reportconfig()[pri:0, instance:com.demoworkshop.testscripts.Computer@33a10788]" name="reportconfig" is-config="true" duration-ms="350" started-at="2023-07-08T17:29:01Z" finished-at="2023-07-08T17:29:01Z">
          <reporter-output>
          </reporter-output>
        </test-method> <!-- reportconfig -->
        <test-method status="PASS" signature="open()[pri:0, instance:com.demoworkshop.testscripts.Computer@33a10788]" name="open" is-config="true" duration-ms="9707" started-at="2023-07-08T17:29:02Z" finished-at="2023-07-08T17:29:11Z">
          <reporter-output>
          </reporter-output>
        </test-method> <!-- open -->
        <test-method status="PASS" signature="login()[pri:0, instance:com.demoworkshop.testscripts.Computer@33a10788]" name="login" is-config="true" duration-ms="1998" started-at="2023-07-08T17:29:11Z" finished-at="2023-07-08T17:29:13Z">
          <reporter-output>
          </reporter-output>
        </test-method> <!-- login -->
        <test-method status="PASS" signature="script()[pri:0, instance:com.demoworkshop.testscripts.Computer@33a10788]" name="script" duration-ms="25331" started-at="2023-07-08T17:29:13Z" finished-at="2023-07-08T17:29:39Z">
          <reporter-output>
          </reporter-output>
        </test-method> <!-- script -->
        <test-method status="PASS" signature="logout()[pri:0, instance:com.demoworkshop.testscripts.Computer@33a10788]" name="logout" is-config="true" duration-ms="2" started-at="2023-07-08T17:29:39Z" finished-at="2023-07-08T17:29:39Z">
          <reporter-output>
          </reporter-output>
        </test-method> <!-- logout -->
        <test-method status="PASS" signature="close()[pri:0, instance:com.demoworkshop.testscripts.Computer@33a10788]" name="close" is-config="true" duration-ms="1747" started-at="2023-07-08T17:29:39Z" finished-at="2023-07-08T17:29:40Z">
          <reporter-output>
          </reporter-output>
        </test-method> <!-- close -->
        <test-method status="PASS" signature="endReport()[pri:0, instance:com.demoworkshop.testscripts.Computer@33a10788]" name="endReport" is-config="true" duration-ms="460" started-at="2023-07-08T17:29:40Z" finished-at="2023-07-08T17:29:41Z">
          <reporter-output>
          </reporter-output>
        </test-method> <!-- endReport -->
      </class> <!-- com.demoworkshop.testscripts.Computer -->
    </test> <!-- Default test -->
  </suite> <!-- Default suite -->
</testng-results>
